mode: set
Users/mariia.rubina13/Projects/cloud/week4/go-api/internal/api/api.go:30.76,39.2 6 1
Users/mariia.rubina13/Projects/cloud/week4/go-api/internal/api/api.go:41.72,44.16 2 0
Users/mariia.rubina13/Projects/cloud/week4/go-api/internal/api/api.go:44.16,45.21 1 0
Users/mariia.rubina13/Projects/cloud/week4/go-api/internal/api/api.go:47.2,48.16 2 0
Users/mariia.rubina13/Projects/cloud/week4/go-api/internal/api/api.go:48.16,49.21 1 0
Users/mariia.rubina13/Projects/cloud/week4/go-api/internal/api/api.go:51.2,54.16 4 0
Users/mariia.rubina13/Projects/cloud/week4/go-api/internal/api/api.go:54.16,55.21 1 0
Users/mariia.rubina13/Projects/cloud/week4/go-api/internal/api/api.go:57.2,57.23 1 0
Users/mariia.rubina13/Projects/cloud/week4/go-api/internal/api/api.go:60.93,72.2 2 0
Users/mariia.rubina13/Projects/cloud/week4/go-api/internal/api/api.go:74.120,82.2 6 1
Users/mariia.rubina13/Projects/cloud/week4/go-api/internal/api/api.go:84.115,87.35 3 1
Users/mariia.rubina13/Projects/cloud/week4/go-api/internal/api/api.go:87.35,89.3 1 0
Users/mariia.rubina13/Projects/cloud/week4/go-api/internal/api/api.go:89.8,92.3 2 1
Users/mariia.rubina13/Projects/cloud/week4/go-api/internal/api/api.go:93.2,93.16 1 1
Users/mariia.rubina13/Projects/cloud/week4/go-api/internal/api/api.go:93.16,95.3 1 0
Users/mariia.rubina13/Projects/cloud/week4/go-api/internal/api/api.go:96.2,96.19 1 1
Users/mariia.rubina13/Projects/cloud/week4/go-api/internal/api/handlers.go:20.57,22.30 1 1
Users/mariia.rubina13/Projects/cloud/week4/go-api/internal/api/handlers.go:22.30,26.35 4 1
Users/mariia.rubina13/Projects/cloud/week4/go-api/internal/api/handlers.go:26.35,33.4 2 1
Users/mariia.rubina13/Projects/cloud/week4/go-api/internal/api/handlers.go:34.3,34.18 1 1
Users/mariia.rubina13/Projects/cloud/week4/go-api/internal/api/handlers.go:34.18,36.4 1 1
Users/mariia.rubina13/Projects/cloud/week4/go-api/internal/api/handlers.go:37.3,37.30 1 1
Users/mariia.rubina13/Projects/cloud/week4/go-api/internal/api/handlers.go:41.91,43.30 1 1
Users/mariia.rubina13/Projects/cloud/week4/go-api/internal/api/handlers.go:43.30,47.17 4 1
Users/mariia.rubina13/Projects/cloud/week4/go-api/internal/api/handlers.go:47.17,52.4 2 1
Users/mariia.rubina13/Projects/cloud/week4/go-api/internal/api/handlers.go:53.3,55.17 3 1
Users/mariia.rubina13/Projects/cloud/week4/go-api/internal/api/handlers.go:55.17,60.4 2 1
Users/mariia.rubina13/Projects/cloud/week4/go-api/internal/api/handlers.go:61.3,64.5 1 1
Users/mariia.rubina13/Projects/cloud/week4/go-api/internal/api/handlers.go:68.59,70.30 1 1
Users/mariia.rubina13/Projects/cloud/week4/go-api/internal/api/handlers.go:70.30,73.48 3 1
Users/mariia.rubina13/Projects/cloud/week4/go-api/internal/api/handlers.go:73.48,78.4 2 1
Users/mariia.rubina13/Projects/cloud/week4/go-api/internal/api/handlers.go:79.3,80.27 2 1
Users/mariia.rubina13/Projects/cloud/week4/go-api/internal/api/handlers.go:80.27,82.4 1 1
Users/mariia.rubina13/Projects/cloud/week4/go-api/internal/api/handlers.go:83.3,85.17 3 1
Users/mariia.rubina13/Projects/cloud/week4/go-api/internal/api/handlers.go:85.17,89.4 1 1
Users/mariia.rubina13/Projects/cloud/week4/go-api/internal/api/handlers.go:89.9,93.4 1 1
Users/mariia.rubina13/Projects/cloud/week4/go-api/internal/api/handlers.go:97.67,101.2 1 1
Users/mariia.rubina13/Projects/cloud/week4/go-api/internal/api/handlers.go:103.59,105.30 1 1
Users/mariia.rubina13/Projects/cloud/week4/go-api/internal/api/handlers.go:105.30,108.47 3 1
Users/mariia.rubina13/Projects/cloud/week4/go-api/internal/api/handlers.go:108.47,111.4 2 0
Users/mariia.rubina13/Projects/cloud/week4/go-api/internal/api/handlers.go:112.3,113.17 2 1
Users/mariia.rubina13/Projects/cloud/week4/go-api/internal/api/handlers.go:113.17,116.4 2 1
Users/mariia.rubina13/Projects/cloud/week4/go-api/internal/api/handlers.go:117.3,118.17 2 1
Users/mariia.rubina13/Projects/cloud/week4/go-api/internal/api/handlers.go:118.17,121.4 2 1
Users/mariia.rubina13/Projects/cloud/week4/go-api/internal/api/handlers.go:122.3,124.5 1 1
Users/mariia.rubina13/Projects/cloud/week4/go-api/internal/api/helpers.go:19.65,22.16 3 1
Users/mariia.rubina13/Projects/cloud/week4/go-api/internal/api/helpers.go:22.16,27.17 5 0
Users/mariia.rubina13/Projects/cloud/week4/go-api/internal/api/helpers.go:27.17,28.22 1 0
Users/mariia.rubina13/Projects/cloud/week4/go-api/internal/api/helpers.go:30.3,30.32 1 0
Users/mariia.rubina13/Projects/cloud/week4/go-api/internal/api/helpers.go:32.2,32.14 1 1
Users/mariia.rubina13/Projects/cloud/week4/go-api/internal/api/helpers.go:35.94,68.2 27 1
