mode: set
Users/mariia.rubina13/Projects/cloud/week4/go-api/internal/api/api.go:30.76,39.2 6 1
Users/mariia.rubina13/Projects/cloud/week4/go-api/internal/api/api.go:41.72,44.16 2 0
Users/mariia.rubina13/Projects/cloud/week4/go-api/internal/api/api.go:44.16,45.21 1 0
Users/mariia.rubina13/Projects/cloud/week4/go-api/internal/api/api.go:47.2,48.16 2 0
Users/mariia.rubina13/Projects/cloud/week4/go-api/internal/api/api.go:48.16,49.21 1 0
Users/mariia.rubina13/Projects/cloud/week4/go-api/internal/api/api.go:51.2,54.16 4 0
Users/mariia.rubina13/Projects/cloud/week4/go-api/internal/api/api.go:54.16,55.21 1 0
Users/mariia.rubina13/Projects/cloud/week4/go-api/internal/api/api.go:57.2,57.23 1 0
Users/mariia.rubina13/Projects/cloud/week4/go-api/internal/api/api.go:60.93,72.2 2 0
Users/mariia.rubina13/Projects/cloud/week4/go-api/internal/api/api.go:74.120,82.2 6 1
Users/mariia.rubina13/Projects/cloud/week4/go-api/internal/api/api.go:84.115,87.35 3 0
Users/mariia.rubina13/Projects/cloud/week4/go-api/internal/api/api.go:87.35,89.3 1 0
Users/mariia.rubina13/Projects/cloud/week4/go-api/internal/api/api.go:89.8,92.3 2 0
Users/mariia.rubina13/Projects/cloud/week4/go-api/internal/api/api.go:93.2,93.16 1 0
Users/mariia.rubina13/Projects/cloud/week4/go-api/internal/api/api.go:93.16,95.3 1 0
Users/mariia.rubina13/Projects/cloud/week4/go-api/internal/api/api.go:96.2,96.19 1 0
Users/mariia.rubina13/Projects/cloud/week4/go-api/internal/api/handlers.go:20.57,22.30 1 1
Users/mariia.rubina13/Projects/cloud/week4/go-api/internal/api/handlers.go:22.30,27.35 4 0
Users/mariia.rubina13/Projects/cloud/week4/go-api/internal/api/handlers.go:27.35,34.4 2 0
Users/mariia.rubina13/Projects/cloud/week4/go-api/internal/api/handlers.go:35.3,35.18 1 0
Users/mariia.rubina13/Projects/cloud/week4/go-api/internal/api/handlers.go:35.18,37.4 1 0
Users/mariia.rubina13/Projects/cloud/week4/go-api/internal/api/handlers.go:38.3,38.30 1 0
Users/mariia.rubina13/Projects/cloud/week4/go-api/internal/api/handlers.go:42.91,44.30 1 1
Users/mariia.rubina13/Projects/cloud/week4/go-api/internal/api/handlers.go:44.30,48.17 4 1
Users/mariia.rubina13/Projects/cloud/week4/go-api/internal/api/handlers.go:48.17,53.4 2 1
Users/mariia.rubina13/Projects/cloud/week4/go-api/internal/api/handlers.go:54.3,56.17 3 1
Users/mariia.rubina13/Projects/cloud/week4/go-api/internal/api/handlers.go:56.17,61.4 2 1
Users/mariia.rubina13/Projects/cloud/week4/go-api/internal/api/handlers.go:62.3,65.5 1 1
Users/mariia.rubina13/Projects/cloud/week4/go-api/internal/api/handlers.go:69.59,71.30 1 1
Users/mariia.rubina13/Projects/cloud/week4/go-api/internal/api/handlers.go:71.30,74.48 3 1
Users/mariia.rubina13/Projects/cloud/week4/go-api/internal/api/handlers.go:74.48,79.4 2 0
Users/mariia.rubina13/Projects/cloud/week4/go-api/internal/api/handlers.go:80.3,81.27 2 1
Users/mariia.rubina13/Projects/cloud/week4/go-api/internal/api/handlers.go:81.27,83.4 1 0
Users/mariia.rubina13/Projects/cloud/week4/go-api/internal/api/handlers.go:84.3,86.17 3 1
Users/mariia.rubina13/Projects/cloud/week4/go-api/internal/api/handlers.go:86.17,90.4 1 1
Users/mariia.rubina13/Projects/cloud/week4/go-api/internal/api/handlers.go:90.9,94.4 1 1
Users/mariia.rubina13/Projects/cloud/week4/go-api/internal/api/handlers.go:98.57,103.2 1 0
Users/mariia.rubina13/Projects/cloud/week4/go-api/internal/api/handlers.go:105.59,107.30 1 1
Users/mariia.rubina13/Projects/cloud/week4/go-api/internal/api/handlers.go:107.30,110.47 3 0
Users/mariia.rubina13/Projects/cloud/week4/go-api/internal/api/handlers.go:110.47,112.4 1 0
Users/mariia.rubina13/Projects/cloud/week4/go-api/internal/api/handlers.go:113.3,114.17 2 0
Users/mariia.rubina13/Projects/cloud/week4/go-api/internal/api/handlers.go:114.17,116.18 2 0
Users/mariia.rubina13/Projects/cloud/week4/go-api/internal/api/handlers.go:116.18,122.5 2 0
Users/mariia.rubina13/Projects/cloud/week4/go-api/internal/api/handlers.go:124.3,124.38 1 0
Users/mariia.rubina13/Projects/cloud/week4/go-api/internal/api/helpers.go:19.65,22.16 3 0
Users/mariia.rubina13/Projects/cloud/week4/go-api/internal/api/helpers.go:22.16,27.17 5 0
Users/mariia.rubina13/Projects/cloud/week4/go-api/internal/api/helpers.go:27.17,28.22 1 0
Users/mariia.rubina13/Projects/cloud/week4/go-api/internal/api/helpers.go:30.3,30.32 1 0
Users/mariia.rubina13/Projects/cloud/week4/go-api/internal/api/helpers.go:32.2,32.14 1 0
Users/mariia.rubina13/Projects/cloud/week4/go-api/internal/api/helpers.go:35.94,68.2 27 1
