mode: set
Users/mariia.rubina13/Projects/cloud/week4/go-api/internal/api/api.go:35.76,37.38 1 0
Users/mariia.rubina13/Projects/cloud/week4/go-api/internal/api/api.go:37.38,39.3 1 0
Users/mariia.rubina13/Projects/cloud/week4/go-api/internal/api/api.go:41.2,45.45 3 0
Users/mariia.rubina13/Projects/cloud/week4/go-api/internal/api/api.go:45.45,47.7 1 0
Users/mariia.rubina13/Projects/cloud/week4/go-api/internal/api/api.go:54.2,60.15 7 0
Users/mariia.rubina13/Projects/cloud/week4/go-api/internal/api/api.go:63.80,72.2 7 1
Users/mariia.rubina13/Projects/cloud/week4/go-api/internal/api/api.go:74.72,77.16 2 0
Users/mariia.rubina13/Projects/cloud/week4/go-api/internal/api/api.go:77.16,78.21 1 0
Users/mariia.rubina13/Projects/cloud/week4/go-api/internal/api/api.go:80.2,81.16 2 0
Users/mariia.rubina13/Projects/cloud/week4/go-api/internal/api/api.go:81.16,82.21 1 0
Users/mariia.rubina13/Projects/cloud/week4/go-api/internal/api/api.go:84.2,87.16 4 0
Users/mariia.rubina13/Projects/cloud/week4/go-api/internal/api/api.go:87.16,88.21 1 0
Users/mariia.rubina13/Projects/cloud/week4/go-api/internal/api/api.go:90.2,90.23 1 0
Users/mariia.rubina13/Projects/cloud/week4/go-api/internal/api/api.go:93.93,105.2 2 0
Users/mariia.rubina13/Projects/cloud/week4/go-api/internal/api/api.go:107.120,115.2 6 1
Users/mariia.rubina13/Projects/cloud/week4/go-api/internal/api/api.go:117.115,120.35 3 1
Users/mariia.rubina13/Projects/cloud/week4/go-api/internal/api/api.go:120.35,122.3 1 0
Users/mariia.rubina13/Projects/cloud/week4/go-api/internal/api/api.go:122.8,125.3 2 1
Users/mariia.rubina13/Projects/cloud/week4/go-api/internal/api/api.go:126.2,126.16 1 1
Users/mariia.rubina13/Projects/cloud/week4/go-api/internal/api/api.go:126.16,128.3 1 0
Users/mariia.rubina13/Projects/cloud/week4/go-api/internal/api/api.go:129.2,129.19 1 1
Users/mariia.rubina13/Projects/cloud/week4/go-api/internal/api/handlers.go:29.57,31.30 1 1
Users/mariia.rubina13/Projects/cloud/week4/go-api/internal/api/handlers.go:31.30,35.35 4 1
Users/mariia.rubina13/Projects/cloud/week4/go-api/internal/api/handlers.go:35.35,42.4 2 1
Users/mariia.rubina13/Projects/cloud/week4/go-api/internal/api/handlers.go:43.3,43.18 1 1
Users/mariia.rubina13/Projects/cloud/week4/go-api/internal/api/handlers.go:43.18,45.4 1 1
Users/mariia.rubina13/Projects/cloud/week4/go-api/internal/api/handlers.go:46.3,46.30 1 1
Users/mariia.rubina13/Projects/cloud/week4/go-api/internal/api/handlers.go:51.51,53.30 1 0
Users/mariia.rubina13/Projects/cloud/week4/go-api/internal/api/handlers.go:53.30,58.47 2 0
Users/mariia.rubina13/Projects/cloud/week4/go-api/internal/api/handlers.go:58.47,61.4 2 0
Users/mariia.rubina13/Projects/cloud/week4/go-api/internal/api/handlers.go:62.3,62.77 1 0
Users/mariia.rubina13/Projects/cloud/week4/go-api/internal/api/handlers.go:62.77,65.4 2 0
Users/mariia.rubina13/Projects/cloud/week4/go-api/internal/api/handlers.go:67.3,68.17 2 0
Users/mariia.rubina13/Projects/cloud/week4/go-api/internal/api/handlers.go:68.17,71.4 2 0
Users/mariia.rubina13/Projects/cloud/week4/go-api/internal/api/handlers.go:72.3,72.52 1 0
Users/mariia.rubina13/Projects/cloud/week4/go-api/internal/api/handlers.go:72.52,75.4 2 0
Users/mariia.rubina13/Projects/cloud/week4/go-api/internal/api/handlers.go:76.3,77.43 2 0
Users/mariia.rubina13/Projects/cloud/week4/go-api/internal/api/handlers.go:81.53,82.30 1 0
Users/mariia.rubina13/Projects/cloud/week4/go-api/internal/api/handlers.go:82.30,86.16 3 0
Users/mariia.rubina13/Projects/cloud/week4/go-api/internal/api/handlers.go:86.16,87.56 1 0
Users/mariia.rubina13/Projects/cloud/week4/go-api/internal/api/handlers.go:87.56,89.5 1 0
Users/mariia.rubina13/Projects/cloud/week4/go-api/internal/api/handlers.go:91.3,92.43 2 0
Users/mariia.rubina13/Projects/cloud/week4/go-api/internal/api/handlers.go:106.91,108.30 1 1
Users/mariia.rubina13/Projects/cloud/week4/go-api/internal/api/handlers.go:108.30,112.17 4 1
Users/mariia.rubina13/Projects/cloud/week4/go-api/internal/api/handlers.go:112.17,117.4 2 1
Users/mariia.rubina13/Projects/cloud/week4/go-api/internal/api/handlers.go:118.3,120.17 3 1
Users/mariia.rubina13/Projects/cloud/week4/go-api/internal/api/handlers.go:120.17,125.4 2 1
Users/mariia.rubina13/Projects/cloud/week4/go-api/internal/api/handlers.go:126.3,129.5 1 1
Users/mariia.rubina13/Projects/cloud/week4/go-api/internal/api/handlers.go:144.59,146.30 1 1
Users/mariia.rubina13/Projects/cloud/week4/go-api/internal/api/handlers.go:146.30,149.48 3 1
Users/mariia.rubina13/Projects/cloud/week4/go-api/internal/api/handlers.go:149.48,154.4 2 1
Users/mariia.rubina13/Projects/cloud/week4/go-api/internal/api/handlers.go:155.3,156.27 2 1
Users/mariia.rubina13/Projects/cloud/week4/go-api/internal/api/handlers.go:156.27,158.4 1 1
Users/mariia.rubina13/Projects/cloud/week4/go-api/internal/api/handlers.go:159.3,161.17 3 1
Users/mariia.rubina13/Projects/cloud/week4/go-api/internal/api/handlers.go:161.17,165.4 1 1
Users/mariia.rubina13/Projects/cloud/week4/go-api/internal/api/handlers.go:165.9,169.4 1 1
Users/mariia.rubina13/Projects/cloud/week4/go-api/internal/api/handlers.go:173.67,177.2 1 1
Users/mariia.rubina13/Projects/cloud/week4/go-api/internal/api/handlers.go:190.59,192.30 1 1
Users/mariia.rubina13/Projects/cloud/week4/go-api/internal/api/handlers.go:192.30,195.47 3 1
Users/mariia.rubina13/Projects/cloud/week4/go-api/internal/api/handlers.go:195.47,198.4 2 0
Users/mariia.rubina13/Projects/cloud/week4/go-api/internal/api/handlers.go:199.3,200.17 2 1
Users/mariia.rubina13/Projects/cloud/week4/go-api/internal/api/handlers.go:200.17,203.4 2 1
Users/mariia.rubina13/Projects/cloud/week4/go-api/internal/api/handlers.go:204.3,205.17 2 1
Users/mariia.rubina13/Projects/cloud/week4/go-api/internal/api/handlers.go:205.17,208.4 2 1
Users/mariia.rubina13/Projects/cloud/week4/go-api/internal/api/handlers.go:209.3,211.5 1 1
Users/mariia.rubina13/Projects/cloud/week4/go-api/internal/api/helpers.go:19.65,22.16 3 1
Users/mariia.rubina13/Projects/cloud/week4/go-api/internal/api/helpers.go:22.16,27.17 5 0
Users/mariia.rubina13/Projects/cloud/week4/go-api/internal/api/helpers.go:27.17,28.22 1 0
Users/mariia.rubina13/Projects/cloud/week4/go-api/internal/api/helpers.go:30.3,30.32 1 0
Users/mariia.rubina13/Projects/cloud/week4/go-api/internal/api/helpers.go:32.2,32.14 1 1
Users/mariia.rubina13/Projects/cloud/week4/go-api/internal/api/helpers.go:35.94,68.2 27 1
